DEBUG: 0 CONNECTIONS
DEBUG [network]: s: version (103 bytes)
DEBUG [network]: s: version (103 bytes)
DEBUG [network]: s: version (103 bytes)
DEBUG [network]: r: version (102 bytes)
DEBUG [network]: s: version (103 bytes)
DEBUG [network]: r: verack (0 bytes)
DEBUG [network]: r: version (102 bytes)
DEBUG [network]: r: version (100 bytes)
DEBUG [network]: r: version (100 bytes)
DEBUG [network]: r: verack (0 bytes)
DEBUG [network]: r: verack (0 bytes)
DEBUG [network]: r: verack (0 bytes)
DEBUG [network]: r: inv (37 bytes)
DEBUG [network]: s: version (103 bytes)
DEBUG [network]: r: inv (37 bytes)
DEBUG [network]: s: verack (0 bytes)
DEBUG [network]: s: verack (0 bytes)
DEBUG [network]: s: verack (0 bytes)
DEBUG [network]: s: verack (0 bytes)
DEBUG [network]: s: getaddr (0 bytes)
DEBUG [network]: s: getaddr (0 bytes)
DEBUG [network]: s: getaddr (0 bytes)
DEBUG [network]: s: getaddr (0 bytes)
DEBUG [network]: r: inv (37 bytes)
DEBUG: 0 CONNECTIONS
DEBUG [network]: r: inv (37 bytes)
DEBUG [network]: r: version (100 bytes)
DEBUG [network]: r: verack (0 bytes)
DEBUG [network]: s: verack (0 bytes)
DEBUG [network]: s: getaddr (0 bytes)
DEBUG [network]: r: inv (37 bytes)
DEBUG [network]: r: addr (30003 bytes)
DEBUG [protocol]: Storing seeded addresses.
DEBUG: Started.
DEBUG [protocol]: Trying 174.59.240.181:8333
DEBUG [protocol]: Trying 142.197.157.69:8333
DEBUG [protocol]: Trying 70.52.66.149:8333
DEBUG [protocol]: Trying 222.127.190.211:8333
DEBUG [protocol]: Trying 125.114.224.151:8333
DEBUG [protocol]: Trying 222.127.190.211:8333
DEBUG [protocol]: Trying 112.247.106.96:8333
DEBUG [protocol]: Trying 71.1.212.3:8333
DEBUG [protocol]: Trying 32.255.65.50:8333
DEBUG [protocol]: Trying 38.80.203.38:8333
DEBUG [protocol]: Trying 82.112.157.168:8333
DEBUG [protocol]: Trying 69.172.166.235:8333
DEBUG [network]: s: version (103 bytes)
DEBUG [protocol]: Trying 95.111.97.116:8333
DEBUG [network]: r: version (100 bytes)
DEBUG [network]: s: verack (0 bytes)
DEBUG [network]: r: verack (0 bytes)
INFO [protocol]: Connected to 69.172.166.235:8333 (1 connections)
DEBUG [network]: s: getaddr (0 bytes)
DEBUG [network]: s: tx (437 bytes)
DEBUG [network]: s: version (103 bytes)
DEBUG [network]: r: addr (30003 bytes)
DEBUG: 1 CONNECTIONS
DEBUG [protocol]: Storing addresses.
DEBUG [network]: r: addr (30003 bytes)
DEBUG [network]: r: addr (15003 bytes)
DEBUG [protocol]: Storing addresses.
DEBUG [protocol]: Storing addresses.
DEBUG [network]: r: inv (37 bytes)
DEBUG [network]: r: version (100 bytes)
DEBUG [network]: s: verack (0 bytes)
DEBUG [network]: r: inv (37 bytes)
DEBUG [network]: r: verack (0 bytes)
INFO [protocol]: Connected to 112.247.106.96:8333 (2 connections)
DEBUG [network]: r: inv (37 bytes)
DEBUG [network]: s: getaddr (0 bytes)
DEBUG [network]: s: tx (437 bytes)
DEBUG [network]: r: inv (37 bytes)
DEBUG: 2 CONNECTIONS
DEBUG [network]: r: addr (30003 bytes)
DEBUG [network]: r: inv (73 bytes)
DEBUG [protocol]: Storing seeded addresses.
DEBUG [network]: r: inv (37 bytes)
DEBUG [network]: r: addr (30003 bytes)
DEBUG [network]: r: inv (37 bytes)
DEBUG [protocol]: Storing addresses.
DEBUG [network]: r: addr (30003 bytes)
DEBUG [network]: r: addr (30003 bytes)
